Internal Server Error: /command_result/
Traceback (most recent call last):
  File "/usr/lib64/python2.6/site-packages/django/core/handlers/base.py", line 130, in get_response
    raise ValueError("The view %s.%s didn't return an HttpResponse object." % (callback.__module__, view_name))
ValueError: The view app.views.command_result didn't return an HttpResponse object.
[08/Aug/2016 04:08:12] "GET /command_result/?ip=10.96.36.181&command=pwd HTTP/1.1" 500 9704
[08/Aug/2016 04:09:49] "GET /command_result/?ip=10.96.36.181&command=pwd HTTP/1.1" 200 46
[08/Aug/2016 04:11:04] "GET /command_result?ip=10.96.36.181&command=free HTTP/1.1" 301 0
[08/Aug/2016 04:11:05] "GET /command_result/?ip=10.96.36.181&command=free HTTP/1.1" 200 276
[08/Aug/2016 04:11:20] "GET /command_group/ HTTP/1.1" 200 24699
[08/Aug/2016 04:16:16] "GET /idc/ HTTP/1.1" 200 25443
[08/Aug/2016 04:16:18] "GET /asset/ HTTP/1.1" 200 24545
[08/Aug/2016 04:16:18] "GET /static/js/jquery.validate.min.js HTTP/1.1" 404 1676
[08/Aug/2016 04:16:18] "GET /static/js/jquery.validate.min.js HTTP/1.1" 404 1676
[08/Aug/2016 04:16:19] "GET /group/ HTTP/1.1" 200 23979
[08/Aug/2016 04:16:21] "GET /group_manage/?id=1 HTTP/1.1" 200 25143
[08/Aug/2016 04:16:24] "GET /command_group/ HTTP/1.1" 200 24699
[08/Aug/2016 04:16:29] "GET /command_group_result?g_name=NBA1&command=free HTTP/1.1" 301 0
[08/Aug/2016 04:16:30] "GET /command_group_result/?g_name=NBA1&command=free HTTP/1.1" 200 25
[08/Aug/2016 04:16:33] "GET /command_group/check_result/ HTTP/1.1" 200 24268
[08/Aug/2016 04:16:46] "GET /job/ HTTP/1.1" 200 25762
[08/Aug/2016 04:16:47] "GET /static/js/jquery.validate.min.js HTTP/1.1" 404 1676
[08/Aug/2016 04:16:47] "GET /static/js/jquery.validate.min.js HTTP/1.1" 404 1676
[08/Aug/2016 04:17:22] "GET /job/ HTTP/1.1" 200 25762
[08/Aug/2016 04:17:22] "GET /static/js/jquery.validate.min.js HTTP/1.1" 404 1676
[08/Aug/2016 04:17:24] "GET /job/ HTTP/1.1" 200 25762
[08/Aug/2016 04:17:24] "GET /static/js/jquery.validate.min.js HTTP/1.1" 404 1676
[08/Aug/2016 04:17:24] "GET /static/js/jquery.validate.min.js HTTP/1.1" 404 1676
[08/Aug/2016 04:17:26] "GET /file/ HTTP/1.1" 200 26131
[08/Aug/2016 04:25:20] "POST /file/ HTTP/1.1" 200 26111
[08/Aug/2016 04:25:39] "GET /file_result?g_name=NBA1&file=upload%2F11&dir=%2Ftmp%2Fzouly.txt HTTP/1.1" 200 25
[08/Aug/2016 04:25:45] "GET /command_group/check_result/ HTTP/1.1" 200 24268
[08/Aug/2016 04:25:52] "GET /command_group/check_result/ HTTP/1.1" 200 24268
[08/Aug/2016 04:26:17] "GET /job/ HTTP/1.1" 200 25762
[08/Aug/2016 04:26:18] "GET /static/js/jquery.validate.min.js HTTP/1.1" 404 1676
[08/Aug/2016 04:26:18] "GET /static/js/jquery.validate.min.js HTTP/1.1" 404 1676
[08/Aug/2016 04:26:19] "GET /command_group/ HTTP/1.1" 200 24699
[08/Aug/2016 04:26:22] "GET /command_group/check_result/ HTTP/1.1" 200 24268
[08/Aug/2016 04:26:29] "GET /file/ HTTP/1.1" 200 26171
[08/Aug/2016 04:26:47] "POST /file/ HTTP/1.1" 200 26154
[08/Aug/2016 04:27:20] "POST /file/ HTTP/1.1" 200 26201
[08/Aug/2016 04:28:58] "GET /file/ HTTP/1.1" 200 26261
[08/Aug/2016 04:29:13] "GET /file/ HTTP/1.1" 200 26261
[08/Aug/2016 04:39:45] "GET /idc/ HTTP/1.1" 200 25443
[08/Aug/2016 05:14:36] "GET /index/ HTTP/1.1" 200 52803
[08/Aug/2016 05:20:12] "GET /command/ HTTP/1.1" 200 24536
[08/Aug/2016 05:20:19] "GET /command_result?ip=10.96.36.171&command=pwd HTTP/1.1" 301 0
[08/Aug/2016 05:20:20] "GET /command_result/?ip=10.96.36.171&command=pwd HTTP/1.1" 200 276
[08/Aug/2016 05:32:27] "GET /idc/ HTTP/1.1" 200 25443
[08/Aug/2016 05:33:09] "GET /command/ HTTP/1.1" 200 24536
[08/Aug/2016 05:33:13] "GET /command_result/?ip=10.96.36.171&command=pwd HTTP/1.1" 200 276
[08/Aug/2016 05:33:20] "GET /command_result?ip=10.96.36.171&command=free HTTP/1.1" 301 0
[08/Aug/2016 05:33:21] "GET /command_result/?ip=10.96.36.171&command=free HTTP/1.1" 200 276
[08/Aug/2016 05:35:03] "GET /command_result/?ip=10.96.36.171&command=free HTTP/1.1" 200 276
[08/Aug/2016 05:35:19] "GET /command_result/?ip=10.96.36.171&command=pwd HTTP/1.1" 200 276
[08/Aug/2016 05:35:31] "GET /command_result/?ip=10.96.36.181&command=pwd HTTP/1.1" 200 46
[08/Aug/2016 22:07:33] "GET /command_result/?ip=10.96.36.181&command=free HTTP/1.1" 200 276
[08/Aug/2016 22:33:50] "GET /command_result/?ip=10.96.36.181&command=free HTTP/1.1" 200 276
[08/Aug/2016 22:34:04] "GET /command_result?ip=10.96.36.181&command=hostname HTTP/1.1" 301 0
[08/Aug/2016 22:34:05] "GET /command_result/?ip=10.96.36.181&command=hostname HTTP/1.1" 200 55
[08/Aug/2016 22:35:15] "GET /file/ HTTP/1.1" 200 26261
[08/Aug/2016 22:35:18] "GET /command/ HTTP/1.1" 200 24536
[08/Aug/2016 22:35:19] "GET /group/ HTTP/1.1" 200 23979
[08/Aug/2016 22:35:21] "GET /asset/ HTTP/1.1" 200 24545
[08/Aug/2016 22:35:22] "GET /static/js/jquery.validate.min.js HTTP/1.1" 404 1676
[08/Aug/2016 22:35:22] "GET /static/js/jquery.validate.min.js HTTP/1.1" 404 1676
[08/Aug/2016 22:35:24] "GET /index/ HTTP/1.1" 200 52803
[08/Aug/2016 22:39:31] "GET /asset_auto/ HTTP/1.1" 200 24924
[08/Aug/2016 22:39:34] "GET /command/ HTTP/1.1" 200 24536
[08/Aug/2016 22:39:35] "GET /command_group/ HTTP/1.1" 200 24699
[08/Aug/2016 22:39:36] "GET /job/ HTTP/1.1" 200 25762
[08/Aug/2016 22:39:36] "GET /static/js/jquery.validate.min.js HTTP/1.1" 404 1676
[08/Aug/2016 22:39:36] "GET /static/js/jquery.validate.min.js HTTP/1.1" 404 1676
[09/Aug/2016 01:06:37] "GET /command/ HTTP/1.1" 200 24536
[09/Aug/2016 01:07:00] "GET /idc/ HTTP/1.1" 200 25443
[09/Aug/2016 01:07:02] "GET /mac/ HTTP/1.1" 200 27560
[09/Aug/2016 01:07:42] "GET /idc/ HTTP/1.1" 200 25443
[09/Aug/2016 01:07:46] "GET /idc/ HTTP/1.1" 200 25443
[09/Aug/2016 01:07:47] "GET /mac/ HTTP/1.1" 200 27560
[09/Aug/2016 01:07:50] "GET /file/ HTTP/1.1" 200 26261
[09/Aug/2016 01:07:51] "GET /group/ HTTP/1.1" 200 23979
[09/Aug/2016 01:08:09] "GET /file/ HTTP/1.1" 200 26261
[09/Aug/2016 01:08:10] "GET /command/ HTTP/1.1" 200 24536
[09/Aug/2016 01:08:12] "GET /asset/ HTTP/1.1" 200 24545
[09/Aug/2016 01:08:12] "GET /static/js/jquery.validate.min.js HTTP/1.1" 404 1676
[09/Aug/2016 01:08:12] "GET /static/js/jquery.validate.min.js HTTP/1.1" 404 1676
[09/Aug/2016 01:08:13] "GET /file/ HTTP/1.1" 200 26261
[09/Aug/2016 01:14:26] "GET /idc/ HTTP/1.1" 200 25443
[09/Aug/2016 01:14:27] "GET /mac/ HTTP/1.1" 200 27560
[09/Aug/2016 01:14:29] "GET /asset/ HTTP/1.1" 200 24545
[09/Aug/2016 01:14:29] "GET /static/js/jquery.validate.min.js HTTP/1.1" 404 1676
[09/Aug/2016 01:14:30] "GET /static/js/jquery.validate.min.js HTTP/1.1" 404 1676
[09/Aug/2016 01:14:30] "GET /asset_auto/ HTTP/1.1" 200 24924
[09/Aug/2016 01:14:33] "GET /group/ HTTP/1.1" 200 23979
[09/Aug/2016 01:14:34] "GET /file/ HTTP/1.1" 200 26261
[09/Aug/2016 01:14:35] "GET /command/ HTTP/1.1" 200 24536
[09/Aug/2016 01:14:36] "GET /command_group/ HTTP/1.1" 200 24699
[09/Aug/2016 01:14:37] "GET /job/ HTTP/1.1" 200 25762
[09/Aug/2016 01:14:37] "GET /static/js/jquery.validate.min.js HTTP/1.1" 404 1676
[09/Aug/2016 01:14:37] "GET /static/js/jquery.validate.min.js HTTP/1.1" 404 1676
[09/Aug/2016 01:14:38] "GET /index/ HTTP/1.1" 200 52803
[09/Aug/2016 01:14:41] "GET /idc/ HTTP/1.1" 200 25443
[09/Aug/2016 01:15:33] "GET /mac/ HTTP/1.1" 200 27560
[09/Aug/2016 01:15:37] "GET /file/ HTTP/1.1" 200 26261
[09/Aug/2016 01:21:02] "GET /asset/ HTTP/1.1" 200 24545
[09/Aug/2016 01:21:02] "GET /static/js/jquery.validate.min.js HTTP/1.1" 404 1676
[09/Aug/2016 01:21:03] "GET /static/js/jquery.validate.min.js HTTP/1.1" 404 1676
[09/Aug/2016 01:22:37] "GET /index/ HTTP/1.1" 200 52803
[09/Aug/2016 01:22:39] "GET /idc/ HTTP/1.1" 200 25443
[09/Aug/2016 01:22:42] "GET /mac/ HTTP/1.1" 200 27560
